<?xml version="1.0" encoding="UTF-8"?>
<testng-results ignored="0" total="4" passed="4" failed="0" skipped="0">
  <reporter-output>
  </reporter-output>
  <suite started-at="2021-06-23T14:02:14 UYT" name="Suite" finished-at="2021-06-23T14:07:08 UYT" duration-ms="293182">
    <groups>
      <group name="cucumber">
        <method signature="AbstractTestNGCucumberTests.runScenario(io.cucumber.testng.PickleWrapper,io.cucumber.testng.FeatureWrapper)[pri:0, instance:cucumberOptions.TestNGRunner@654f0d9c]" name="runScenario" class="io.cucumber.testng.AbstractTestNGCucumberTests"/>
      </group> <!-- cucumber -->
    </groups>
    <test started-at="2021-06-23T14:02:14 UYT" name="NavigateAllTabs" finished-at="2021-06-23T14:07:08 UYT" duration-ms="293182">
      <class name="cucumberOptions.TestNGRunner">
        <test-method is-config="true" signature="setUpClass()[pri:0, instance:cucumberOptions.TestNGRunner@654f0d9c]" started-at="2021-06-23T14:02:14 UYT" name="setUpClass" finished-at="2021-06-23T14:02:15 UYT" duration-ms="641" status="PASS">
          <reporter-output>
          </reporter-output>
        </test-method> <!-- setUpClass -->
        <test-method signature="runScenario(io.cucumber.testng.PickleWrapper,io.cucumber.testng.FeatureWrapper)[pri:0, instance:cucumberOptions.TestNGRunner@654f0d9c]" started-at="2021-06-23T14:02:15 UYT" name="runScenario" description="Runs Cucumber Scenarios" data-provider="scenarios" finished-at="2021-06-23T14:03:30 UYT" duration-ms="75083" status="PASS">
          <params>
            <param index="0">
              <value>
                <![CDATA["Click All Tabs"]]>
              </value>
            </param>
            <param index="1">
              <value>
                <![CDATA["Optional[Ejercicio con Cucumber]"]]>
              </value>
            </param>
          </params>
          <reporter-output>
          </reporter-output>
        </test-method> <!-- runScenario -->
        <test-method signature="runScenario(io.cucumber.testng.PickleWrapper,io.cucumber.testng.FeatureWrapper)[pri:0, instance:cucumberOptions.TestNGRunner@654f0d9c]" started-at="2021-06-23T14:03:30 UYT" name="runScenario" description="Runs Cucumber Scenarios" data-provider="scenarios" finished-at="2021-06-23T14:05:02 UYT" duration-ms="91887" status="PASS">
          <params>
            <param index="0">
              <value>
                <![CDATA["Create Accounts"]]>
              </value>
            </param>
            <param index="1">
              <value>
                <![CDATA["Optional[Ejercicio con Cucumber]"]]>
              </value>
            </param>
          </params>
          <reporter-output>
          </reporter-output>
        </test-method> <!-- runScenario -->
        <test-method signature="runScenario(io.cucumber.testng.PickleWrapper,io.cucumber.testng.FeatureWrapper)[pri:0, instance:cucumberOptions.TestNGRunner@654f0d9c]" started-at="2021-06-23T14:05:02 UYT" name="runScenario" description="Runs Cucumber Scenarios" data-provider="scenarios" finished-at="2021-06-23T14:06:20 UYT" duration-ms="77617" status="PASS">
          <params>
            <param index="0">
              <value>
                <![CDATA["Edit Accounts"]]>
              </value>
            </param>
            <param index="1">
              <value>
                <![CDATA["Optional[Ejercicio con Cucumber]"]]>
              </value>
            </param>
          </params>
          <reporter-output>
          </reporter-output>
        </test-method> <!-- runScenario -->
        <test-method signature="runScenario(io.cucumber.testng.PickleWrapper,io.cucumber.testng.FeatureWrapper)[pri:0, instance:cucumberOptions.TestNGRunner@654f0d9c]" started-at="2021-06-23T14:06:20 UYT" name="runScenario" description="Runs Cucumber Scenarios" data-provider="scenarios" finished-at="2021-06-23T14:07:07 UYT" duration-ms="47655" status="PASS">
          <params>
            <param index="0">
              <value>
                <![CDATA["Employee Number"]]>
              </value>
            </param>
            <param index="1">
              <value>
                <![CDATA["Optional[Ejercicio con Cucumber]"]]>
              </value>
            </param>
          </params>
          <reporter-output>
          </reporter-output>
        </test-method> <!-- runScenario -->
        <test-method is-config="true" signature="tearDownClass()[pri:0, instance:cucumberOptions.TestNGRunner@654f0d9c]" started-at="2021-06-23T14:07:07 UYT" name="tearDownClass" finished-at="2021-06-23T14:07:08 UYT" duration-ms="78" status="PASS">
          <reporter-output>
          </reporter-output>
        </test-method> <!-- tearDownClass -->
      </class> <!-- cucumberOptions.TestNGRunner -->
    </test> <!-- NavigateAllTabs -->
  </suite> <!-- Suite -->
</testng-results>
